[0mCompiling "target/repl_out/scheje_repl.js" from ["src"]...
[0mCompiling "target/repl_out/scheje_repl.js" from ["src"]...
[31mCompiling "target/repl_out/scheje_repl.js" failed.
[0mclojure.lang.ExceptionInfo: Unmatched delimiter )
 at clojure.core$ex_info.invokeStatic (core.clj:4617)
    clojure.core$ex_info.invoke (core.clj:4617)
    clojure.tools.reader.reader_types$reader_error.invokeStatic (reader_types.clj:391)
    clojure.tools.reader.reader_types$reader_error.doInvoke (reader_types.clj:387)
    clojure.lang.RestFn.invoke (RestFn.java:439)
    clojure.tools.reader$read_unmatched_delimiter.invokeStatic (reader.clj:76)
    clojure.tools.reader$read_unmatched_delimiter.invoke (reader.clj:74)
    clojure.tools.reader$read_STAR_.invokeStatic (reader.clj:889)
    clojure.tools.reader$read_STAR_.invoke (reader.clj:870)
    clojure.tools.reader$read_STAR_.invokeStatic (reader.clj:872)
    clojure.tools.reader$read_STAR_.invoke (reader.clj:870)
    clojure.tools.reader$read_meta.invokeStatic (reader.clj:377)
    clojure.tools.reader$read_meta.invoke (reader.clj:369)
    clojure.tools.reader$read_STAR_.invokeStatic (reader.clj:889)
    clojure.tools.reader$read_STAR_.invoke (reader.clj:870)
    clojure.tools.reader$match_feature.invokeStatic (reader.clj:460)
    clojure.tools.reader$match_feature.invoke (reader.clj:448)
    clojure.tools.reader$read_cond_delimited$fn__980.invoke (reader.clj:475)
    clojure.tools.reader$read_cond_delimited.invokeStatic (reader.clj:470)
    clojure.tools.reader$read_cond_delimited.invoke (reader.clj:467)
    clojure.tools.reader$read_cond.invokeStatic (reader.clj:512)
    clojure.tools.reader$read_cond.invoke (reader.clj:496)
    clojure.tools.reader$read_dispatch.invokeStatic (reader.clj:70)
    clojure.tools.reader$read_dispatch.invoke (reader.clj:66)
    clojure.tools.reader$read_STAR_.invokeStatic (reader.clj:889)
    clojure.tools.reader$read_STAR_.invoke (reader.clj:870)
    clojure.tools.reader$read_delimited.invokeStatic (reader.clj:195)
    clojure.tools.reader$read_delimited.invoke (reader.clj:188)
    clojure.tools.reader$read_list.invokeStatic (reader.clj:208)
    clojure.tools.reader$read_list.invoke (reader.clj:204)
[32mSuccessfully compiled "target/repl_out/scheje_repl.js" in 0.091 seconds.[0m
[0mCompiling "target/repl_out/scheje_repl.js" from ["src"]...
[31mCompiling "target/repl_out/scheje_repl.js" failed.
[0mclojure.lang.ExceptionInfo: Unmatched delimiter )
 at clojure.core$ex_info.invokeStatic (core.clj:4617)
    clojure.core$ex_info.invoke (core.clj:4617)
    clojure.tools.reader.reader_types$reader_error.invokeStatic (reader_types.clj:391)
    clojure.tools.reader.reader_types$reader_error.doInvoke (reader_types.clj:387)
    clojure.lang.RestFn.invoke (RestFn.java:439)
    clojure.tools.reader$read_unmatched_delimiter.invokeStatic (reader.clj:76)
    clojure.tools.reader$read_unmatched_delimiter.invoke (reader.clj:74)
    clojure.tools.reader$read_STAR_.invokeStatic (reader.clj:889)
    clojure.tools.reader$read_STAR_.invoke (reader.clj:870)
    clojure.tools.reader$read_STAR_.invokeStatic (reader.clj:872)
    clojure.tools.reader$read_STAR_.invoke (reader.clj:870)
    clojure.tools.reader$read_meta.invokeStatic (reader.clj:377)
    clojure.tools.reader$read_meta.invoke (reader.clj:369)
    clojure.tools.reader$read_STAR_.invokeStatic (reader.clj:889)
    clojure.tools.reader$read_STAR_.invoke (reader.clj:870)
    clojure.tools.reader$match_feature.invokeStatic (reader.clj:460)
    clojure.tools.reader$match_feature.invoke (reader.clj:448)
    clojure.tools.reader$read_cond_delimited$fn__980.invoke (reader.clj:475)
    clojure.tools.reader$read_cond_delimited.invokeStatic (reader.clj:470)
    clojure.tools.reader$read_cond_delimited.invoke (reader.clj:467)
    clojure.tools.reader$read_cond.invokeStatic (reader.clj:512)
    clojure.tools.reader$read_cond.invoke (reader.clj:496)
    clojure.tools.reader$read_dispatch.invokeStatic (reader.clj:70)
    clojure.tools.reader$read_dispatch.invoke (reader.clj:66)
    clojure.tools.reader$read_STAR_.invokeStatic (reader.clj:889)
    clojure.tools.reader$read_STAR_.invoke (reader.clj:870)
    clojure.tools.reader$read_delimited.invokeStatic (reader.clj:195)
    clojure.tools.reader$read_delimited.invoke (reader.clj:188)
    clojure.tools.reader$read_list.invokeStatic (reader.clj:208)
    clojure.tools.reader$read_list.invoke (reader.clj:204)
[32mSuccessfully compiled "target/repl_out/scheje_repl.js" in 0.029 seconds.[0m
[0mCompiling "target/repl_out/scheje_repl.js" from ["src"]...
[31mCompiling "target/repl_out/scheje_repl.js" failed.
[0mclojure.lang.ExceptionInfo: Unmatched delimiter )
 at clojure.core$ex_info.invokeStatic (core.clj:4617)
    clojure.core$ex_info.invoke (core.clj:4617)
    clojure.tools.reader.reader_types$reader_error.invokeStatic (reader_types.clj:391)
    clojure.tools.reader.reader_types$reader_error.doInvoke (reader_types.clj:387)
    clojure.lang.RestFn.invoke (RestFn.java:439)
    clojure.tools.reader$read_unmatched_delimiter.invokeStatic (reader.clj:76)
    clojure.tools.reader$read_unmatched_delimiter.invoke (reader.clj:74)
    clojure.tools.reader$read_STAR_.invokeStatic (reader.clj:889)
    clojure.tools.reader$read_STAR_.invoke (reader.clj:870)
    clojure.tools.reader$read_STAR_.invokeStatic (reader.clj:872)
    clojure.tools.reader$read_STAR_.invoke (reader.clj:870)
    clojure.tools.reader$read_meta.invokeStatic (reader.clj:377)
    clojure.tools.reader$read_meta.invoke (reader.clj:369)
    clojure.tools.reader$read_STAR_.invokeStatic (reader.clj:889)
    clojure.tools.reader$read_STAR_.invoke (reader.clj:870)
    clojure.tools.reader$match_feature.invokeStatic (reader.clj:460)
    clojure.tools.reader$match_feature.invoke (reader.clj:448)
    clojure.tools.reader$read_cond_delimited$fn__980.invoke (reader.clj:475)
    clojure.tools.reader$read_cond_delimited.invokeStatic (reader.clj:470)
    clojure.tools.reader$read_cond_delimited.invoke (reader.clj:467)
    clojure.tools.reader$read_cond.invokeStatic (reader.clj:512)
    clojure.tools.reader$read_cond.invoke (reader.clj:496)
    clojure.tools.reader$read_dispatch.invokeStatic (reader.clj:70)
    clojure.tools.reader$read_dispatch.invoke (reader.clj:66)
    clojure.tools.reader$read_STAR_.invokeStatic (reader.clj:889)
    clojure.tools.reader$read_STAR_.invoke (reader.clj:870)
    clojure.tools.reader$read_delimited.invokeStatic (reader.clj:195)
    clojure.tools.reader$read_delimited.invoke (reader.clj:188)
    clojure.tools.reader$read_list.invokeStatic (reader.clj:208)
    clojure.tools.reader$read_list.invoke (reader.clj:204)
[32mSuccessfully compiled "target/repl_out/scheje_repl.js" in 0.044 seconds.[0m
[0mCompiling "target/repl_out/scheje_repl.js" from ["src"]...
[31mCompiling "target/repl_out/scheje_repl.js" failed.
[0mclojure.lang.ExceptionInfo: Unmatched delimiter )
 at clojure.core$ex_info.invokeStatic (core.clj:4617)
    clojure.core$ex_info.invoke (core.clj:4617)
    clojure.tools.reader.reader_types$reader_error.invokeStatic (reader_types.clj:391)
    clojure.tools.reader.reader_types$reader_error.doInvoke (reader_types.clj:387)
    clojure.lang.RestFn.invoke (RestFn.java:439)
    clojure.tools.reader$read_unmatched_delimiter.invokeStatic (reader.clj:76)
    clojure.tools.reader$read_unmatched_delimiter.invoke (reader.clj:74)
    clojure.tools.reader$read_STAR_.invokeStatic (reader.clj:889)
    clojure.tools.reader$read_STAR_.invoke (reader.clj:870)
    clojure.tools.reader$read_STAR_.invokeStatic (reader.clj:872)
    clojure.tools.reader$read_STAR_.invoke (reader.clj:870)
    clojure.tools.reader$read_meta.invokeStatic (reader.clj:377)
    clojure.tools.reader$read_meta.invoke (reader.clj:369)
    clojure.tools.reader$read_STAR_.invokeStatic (reader.clj:889)
    clojure.tools.reader$read_STAR_.invoke (reader.clj:870)
    clojure.tools.reader$match_feature.invokeStatic (reader.clj:460)
    clojure.tools.reader$match_feature.invoke (reader.clj:448)
    clojure.tools.reader$read_cond_delimited$fn__980.invoke (reader.clj:475)
    clojure.tools.reader$read_cond_delimited.invokeStatic (reader.clj:470)
    clojure.tools.reader$read_cond_delimited.invoke (reader.clj:467)
    clojure.tools.reader$read_cond.invokeStatic (reader.clj:512)
    clojure.tools.reader$read_cond.invoke (reader.clj:496)
    clojure.tools.reader$read_dispatch.invokeStatic (reader.clj:70)
    clojure.tools.reader$read_dispatch.invoke (reader.clj:66)
    clojure.tools.reader$read_STAR_.invokeStatic (reader.clj:889)
    clojure.tools.reader$read_STAR_.invoke (reader.clj:870)
    clojure.tools.reader$read_delimited.invokeStatic (reader.clj:195)
    clojure.tools.reader$read_delimited.invoke (reader.clj:188)
    clojure.tools.reader$read_list.invokeStatic (reader.clj:208)
    clojure.tools.reader$read_list.invoke (reader.clj:204)
[32mSuccessfully compiled "target/repl_out/scheje_repl.js" in 0.031 seconds.[0m
[0mCompiling "target/repl_out/scheje_repl.js" from ["src"]...
[0mCompiling "target/repl_out/scheje_repl.js" from ["src"]...
[31mCompiling "target/repl_out/scheje_repl.js" failed.
[0mclojure.lang.ExceptionInfo: Unmatched delimiter )
 at clojure.core$ex_info.invokeStatic (core.clj:4617)
    clojure.core$ex_info.invoke (core.clj:4617)
    clojure.tools.reader.reader_types$reader_error.invokeStatic (reader_types.clj:391)
    clojure.tools.reader.reader_types$reader_error.doInvoke (reader_types.clj:387)
    clojure.lang.RestFn.invoke (RestFn.java:439)
    clojure.tools.reader$read_unmatched_delimiter.invokeStatic (reader.clj:76)
    clojure.tools.reader$read_unmatched_delimiter.invoke (reader.clj:74)
    clojure.tools.reader$read_STAR_.invokeStatic (reader.clj:889)
    clojure.tools.reader$read_STAR_.invoke (reader.clj:870)
    clojure.tools.reader$read_STAR_.invokeStatic (reader.clj:872)
    clojure.tools.reader$read_STAR_.invoke (reader.clj:870)
    clojure.tools.reader$read_meta.invokeStatic (reader.clj:377)
    clojure.tools.reader$read_meta.invoke (reader.clj:369)
    clojure.tools.reader$read_STAR_.invokeStatic (reader.clj:889)
    clojure.tools.reader$read_STAR_.invoke (reader.clj:870)
    clojure.tools.reader$match_feature.invokeStatic (reader.clj:460)
    clojure.tools.reader$match_feature.invoke (reader.clj:448)
    clojure.tools.reader$read_cond_delimited$fn__980.invoke (reader.clj:475)
    clojure.tools.reader$read_cond_delimited.invokeStatic (reader.clj:470)
    clojure.tools.reader$read_cond_delimited.invoke (reader.clj:467)
    clojure.tools.reader$read_cond.invokeStatic (reader.clj:512)
    clojure.tools.reader$read_cond.invoke (reader.clj:496)
    clojure.tools.reader$read_dispatch.invokeStatic (reader.clj:70)
    clojure.tools.reader$read_dispatch.invoke (reader.clj:66)
    clojure.tools.reader$read_STAR_.invokeStatic (reader.clj:889)
    clojure.tools.reader$read_STAR_.invoke (reader.clj:870)
    clojure.tools.reader$read_delimited.invokeStatic (reader.clj:195)
    clojure.tools.reader$read_delimited.invoke (reader.clj:188)
    clojure.tools.reader$read_list.invokeStatic (reader.clj:208)
    clojure.tools.reader$read_list.invoke (reader.clj:204)
[32mSuccessfully compiled "target/repl_out/scheje_repl.js" in 0.029 seconds.[0m
[0mCompiling "target/repl_out/scheje_repl.js" from ["src"]...
[31mCompiling "target/repl_out/scheje_repl.js" failed.
[0mclojure.lang.ExceptionInfo: Unmatched delimiter )
 at clojure.core$ex_info.invokeStatic (core.clj:4617)
    clojure.core$ex_info.invoke (core.clj:4617)
    clojure.tools.reader.reader_types$reader_error.invokeStatic (reader_types.clj:391)
    clojure.tools.reader.reader_types$reader_error.doInvoke (reader_types.clj:387)
    clojure.lang.RestFn.invoke (RestFn.java:439)
    clojure.tools.reader$read_unmatched_delimiter.invokeStatic (reader.clj:76)
    clojure.tools.reader$read_unmatched_delimiter.invoke (reader.clj:74)
    clojure.tools.reader$read_STAR_.invokeStatic (reader.clj:889)
    clojure.tools.reader$read_STAR_.invoke (reader.clj:870)
    clojure.tools.reader$read_STAR_.invokeStatic (reader.clj:872)
    clojure.tools.reader$read_STAR_.invoke (reader.clj:870)
    clojure.tools.reader$read_meta.invokeStatic (reader.clj:377)
    clojure.tools.reader$read_meta.invoke (reader.clj:369)
    clojure.tools.reader$read_STAR_.invokeStatic (reader.clj:889)
    clojure.tools.reader$read_STAR_.invoke (reader.clj:870)
    clojure.tools.reader$match_feature.invokeStatic (reader.clj:460)
    clojure.tools.reader$match_feature.invoke (reader.clj:448)
    clojure.tools.reader$read_cond_delimited$fn__980.invoke (reader.clj:475)
    clojure.tools.reader$read_cond_delimited.invokeStatic (reader.clj:470)
    clojure.tools.reader$read_cond_delimited.invoke (reader.clj:467)
    clojure.tools.reader$read_cond.invokeStatic (reader.clj:512)
    clojure.tools.reader$read_cond.invoke (reader.clj:496)
    clojure.tools.reader$read_dispatch.invokeStatic (reader.clj:70)
    clojure.tools.reader$read_dispatch.invoke (reader.clj:66)
    clojure.tools.reader$read_STAR_.invokeStatic (reader.clj:889)
    clojure.tools.reader$read_STAR_.invoke (reader.clj:870)
    clojure.tools.reader$read_delimited.invokeStatic (reader.clj:195)
    clojure.tools.reader$read_delimited.invoke (reader.clj:188)
    clojure.tools.reader$read_list.invokeStatic (reader.clj:208)
    clojure.tools.reader$read_list.invoke (reader.clj:204)
[32mSuccessfully compiled "target/repl_out/scheje_repl.js" in 0.028 seconds.[0m
